2025-03-24 19:08:29,515 - INFO - ==================================================
2025-03-24 19:08:29,515 - INFO - File Path Mapping Tool
2025-03-24 19:08:29,515 - INFO - ==================================================
2025-03-24 19:08:29,515 - INFO - Starting file path mapping process
2025-03-24 19:08:29,515 - INFO - Input file: cluster_details.json
2025-03-24 19:08:29,515 - INFO - Output file: updated_clusters.json
2025-03-24 19:08:29,515 - INFO - Twenty repository path: D:/CodeAnalysis/twenty
2025-03-24 19:08:29,515 - INFO - Loading cluster data from cluster_details.json
2025-03-24 19:08:29,515 - INFO - Loaded 14 clusters directly
2025-03-24 19:08:29,515 - INFO - Processing 14 clusters
2025-03-24 19:08:29,560 - INFO - Processing cluster -1 with 5 files
2025-03-24 19:08:30,205 - INFO - Processed 5/5 files in cluster -1
2025-03-24 19:08:30,205 - INFO - Processing cluster 0 with 21 files
2025-03-24 19:08:31,512 - INFO - Processed 10/21 files in cluster 0
2025-03-24 19:08:32,873 - INFO - Processed 20/21 files in cluster 0
2025-03-24 19:08:33,016 - INFO - Processed 21/21 files in cluster 0
2025-03-24 19:08:33,017 - INFO - Processing cluster 1 with 6 files
2025-03-24 19:08:33,842 - INFO - Processed 6/6 files in cluster 1
2025-03-24 19:08:33,843 - INFO - Processing cluster 2 with 53 files
2025-03-24 19:08:35,242 - INFO - Processed 10/53 files in cluster 2
2025-03-24 19:08:36,538 - INFO - Processed 20/53 files in cluster 2
2025-03-24 19:08:37,818 - INFO - Processed 30/53 files in cluster 2
2025-03-24 19:08:39,101 - INFO - Processed 40/53 files in cluster 2
2025-03-24 19:08:40,379 - INFO - Processed 50/53 files in cluster 2
2025-03-24 19:08:40,766 - INFO - Processed 53/53 files in cluster 2
2025-03-24 19:08:40,766 - INFO - Processing cluster 3 with 33 files
2025-03-24 19:08:42,101 - INFO - Processed 10/33 files in cluster 3
2025-03-24 19:08:43,357 - INFO - Processed 20/33 files in cluster 3
2025-03-24 19:08:44,623 - INFO - Processed 30/33 files in cluster 3
2025-03-24 19:08:44,995 - INFO - Processed 33/33 files in cluster 3
2025-03-24 19:08:44,995 - INFO - Processing cluster 4 with 8 files
2025-03-24 19:08:46,038 - INFO - Processed 8/8 files in cluster 4
2025-03-24 19:08:46,038 - INFO - Processing cluster 5 with 21 files
2025-03-24 19:08:47,315 - INFO - Processed 10/21 files in cluster 5
2025-03-24 19:08:48,609 - INFO - Processed 20/21 files in cluster 5
2025-03-24 19:08:48,745 - INFO - Processed 21/21 files in cluster 5
2025-03-24 19:08:48,745 - INFO - Processing cluster 6 with 15 files
2025-03-24 19:08:50,038 - INFO - Processed 10/15 files in cluster 6
2025-03-24 19:08:50,692 - INFO - Processed 15/15 files in cluster 6
2025-03-24 19:08:50,692 - INFO - Processing cluster 7 with 8 files
2025-03-24 19:08:51,733 - INFO - Processed 8/8 files in cluster 7
2025-03-24 19:08:51,733 - INFO - Processing cluster 8 with 58 files
2025-03-24 19:08:53,098 - INFO - Processed 10/58 files in cluster 8
2025-03-24 19:08:54,438 - INFO - Processed 20/58 files in cluster 8
2025-03-24 19:08:55,747 - INFO - Processed 30/58 files in cluster 8
2025-03-24 19:08:57,041 - INFO - Processed 40/58 files in cluster 8
2025-03-24 19:08:58,365 - INFO - Processed 50/58 files in cluster 8
2025-03-24 19:08:59,429 - INFO - Processed 58/58 files in cluster 8
2025-03-24 19:08:59,429 - INFO - Processing cluster 9 with 9 files
2025-03-24 19:09:00,613 - INFO - Processed 9/9 files in cluster 9
2025-03-24 19:09:00,613 - INFO - Processing cluster 10 with 8 files
2025-03-24 19:09:01,698 - INFO - Processed 8/8 files in cluster 10
2025-03-24 19:09:01,700 - INFO - Processing cluster 11 with 280 files
2025-03-24 19:09:03,066 - INFO - Processed 10/280 files in cluster 11
2025-03-24 19:09:04,388 - INFO - Processed 20/280 files in cluster 11
2025-03-24 19:09:05,725 - INFO - Processed 30/280 files in cluster 11
2025-03-24 19:09:07,042 - INFO - Processed 40/280 files in cluster 11
2025-03-24 19:09:08,376 - INFO - Processed 50/280 files in cluster 11
2025-03-24 19:09:09,681 - INFO - Processed 60/280 files in cluster 11
2025-03-24 19:09:10,979 - INFO - Processed 70/280 files in cluster 11
2025-03-24 19:09:12,313 - INFO - Processed 80/280 files in cluster 11
2025-03-24 19:09:13,677 - INFO - Processed 90/280 files in cluster 11
2025-03-24 19:09:15,008 - INFO - Processed 100/280 files in cluster 11
2025-03-24 19:09:16,315 - INFO - Processed 110/280 files in cluster 11
2025-03-24 19:09:17,628 - INFO - Processed 120/280 files in cluster 11
2025-03-24 19:09:18,916 - INFO - Processed 130/280 files in cluster 11
2025-03-24 19:09:20,247 - INFO - Processed 140/280 files in cluster 11
2025-03-24 19:09:21,554 - INFO - Processed 150/280 files in cluster 11
2025-03-24 19:09:22,933 - INFO - Processed 160/280 files in cluster 11
2025-03-24 19:09:24,468 - INFO - Processed 170/280 files in cluster 11
2025-03-24 19:09:25,828 - INFO - Processed 180/280 files in cluster 11
2025-03-24 19:09:27,163 - INFO - Processed 190/280 files in cluster 11
2025-03-24 19:09:28,466 - INFO - Processed 200/280 files in cluster 11
2025-03-24 19:09:29,853 - INFO - Processed 210/280 files in cluster 11
2025-03-24 19:09:31,184 - INFO - Processed 220/280 files in cluster 11
2025-03-24 19:09:32,494 - INFO - Processed 230/280 files in cluster 11
2025-03-24 19:09:33,866 - INFO - Processed 240/280 files in cluster 11
2025-03-24 19:09:35,175 - INFO - Processed 250/280 files in cluster 11
2025-03-24 19:09:36,480 - INFO - Processed 260/280 files in cluster 11
2025-03-24 19:09:37,789 - INFO - Processed 270/280 files in cluster 11
2025-03-24 19:09:39,094 - INFO - Processed 280/280 files in cluster 11
2025-03-24 19:09:39,094 - INFO - Processing cluster 12 with 7 files
2025-03-24 19:09:40,019 - INFO - Processed 7/7 files in cluster 12
2025-03-24 19:09:40,019 - INFO - Saving updated cluster data to updated_clusters.json
2025-03-24 19:09:40,019 - INFO - Created updated_clusters.json with updated file paths
2025-03-24 19:09:40,019 - INFO - Files found: 524, Files not found: 8
2025-03-24 19:09:40,019 - INFO - Total mappings created: 524
2025-03-24 19:09:40,019 - INFO - 
File Mapping Report:
2025-03-24 19:09:40,019 - INFO - ====================
2025-03-24 19:09:40,019 - INFO - Total files mapped: 524
2025-03-24 19:09:40,026 - INFO - 
Files by directory:
2025-03-24 19:09:40,027 - INFO - twenty/packages/twenty-server/src/database/typeorm/core/migrations/common: 16 files
2025-03-24 19:09:40,027 - INFO - twenty/packages/twenty-server/src/database/typeorm-seeds/workspace: 14 files
2025-03-24 19:09:40,027 - INFO - twenty/packages/twenty-server/src/engine/api/graphql/graphql-query-runner/resolvers: 10 files
2025-03-24 19:09:40,028 - INFO - twenty/packages/twenty-server/src/database/typeorm/metadata/migrations: 9 files
2025-03-24 19:09:40,028 - INFO - twenty/packages/twenty-server/src/engine/core-modules/auth/services: 9 files
2025-03-24 19:09:40,028 - INFO - twenty/packages/twenty-server/src/modules/messaging/message-import-manager/services: 8 files
2025-03-24 19:09:40,028 - INFO - twenty/packages/twenty-server/src/database/commands/upgrade-version-command/0-43: 6 files
2025-03-24 19:09:40,028 - INFO - twenty/packages/twenty-server/src/engine/core-modules/auth/token/services: 6 files
2025-03-24 19:09:40,029 - INFO - twenty/packages/twenty-server/src/engine/core-modules/billing/stripe/services: 6 files
2025-03-24 19:09:40,029 - INFO - twenty/packages/twenty-server/src/engine/api/graphql/workspace-resolver-builder/factories: 6 files
2025-03-24 19:09:40,030 - INFO - 
Example mappings:
2025-03-24 19:09:40,030 - INFO - /content/drive/MyDrive/Colab Notebooks/AST/raw.datasource.ts.txt -> twenty/packages/twenty-server/src/database/typeorm/raw/raw.datasource.ts
2025-03-24 19:09:40,030 - INFO - /content/drive/MyDrive/Colab Notebooks/AST/message-queue-core.module.ts.txt -> twenty/packages/twenty-server/src/engine/core-modules/message-queue/message-queue-core.module.ts
2025-03-24 19:09:40,030 - INFO - /content/drive/MyDrive/Colab Notebooks/AST/rest-api-exception.filter.ts.txt -> twenty/packages/twenty-server/src/engine/api/rest/rest-api-exception.filter.ts
2025-03-24 19:09:40,031 - INFO - /content/drive/MyDrive/Colab Notebooks/AST/workspace-missing-column.fixer.ts.txt -> twenty/packages/twenty-server/src/engine/workspace-manager/workspace-health/fixer/workspace-missing-column.fixer.ts
2025-03-24 19:09:40,031 - INFO - /content/drive/MyDrive/Colab Notebooks/AST/workspace-nullable.fixer.ts.txt -> twenty/packages/twenty-server/src/engine/workspace-manager/workspace-health/fixer/workspace-nullable.fixer.ts
2025-03-24 19:09:40,031 - INFO - ...
2025-03-24 19:09:40,031 - INFO - ==================================================
2025-03-24 19:09:40,031 - INFO - Mapping completed successfully!
2025-03-24 19:09:40,031 - INFO - ==================================================
